<?xml version="1.0" encoding="UTF-8"?>
<!-- Generated by org.testng.reporters.JUnitReportReporter -->
<testsuite skipped="0" hostname="DESKTOP-FA82API" name="ableToAddCategory.Prac" tests="1" failures="0" timestamp="2022-04-23T21:21:27 CDT" time="5.445" errors="0">
  <testcase name="AbletoAddCategory" time="5.445" classname="ableToAddCategory.Prac"/>
  <system-out/>
</testsuite> <!-- ableToAddCategory.Prac -->
