<?xml version="1.0" encoding="UTF-8"?>
<!-- Generated by org.testng.reporters.JUnitReportReporter -->
<testsuite skipped="0" hostname="DESKTOP-FA82API" name="ableToAddCategory.AddCategory" tests="3" failures="0" timestamp="2022-04-24T22:01:58 CDT" time="55.494" errors="0">
  <testcase name="AbletoAddCategory" time="11.358" classname="ableToAddCategory.AddCategory"/>
  <system-out/>
  <testcase name="NotAbleToAddDuplicate" time="14.821" classname="ableToAddCategory.AddCategory"/>
  <system-out/>
  <testcase name="DueDateDropdown" time="29.315" classname="ableToAddCategory.AddCategory"/>
  <system-out/>
</testsuite> <!-- ableToAddCategory.AddCategory -->
