<?xml version="1.0" encoding="UTF-8"?>
<!-- Generated by org.testng.reporters.JUnitReportReporter -->
<testsuite skipped="0" hostname="DESKTOP-FA82API" name="ableToAddCategory.DropDown" tests="1" failures="0" timestamp="2022-04-23T12:06:31 CDT" time="26.983" errors="0">
  <testcase name="DueDateDropdown" time="26.983" classname="ableToAddCategory.DropDown"/>
  <system-out/>
</testsuite> <!-- ableToAddCategory.DropDown -->
